Key release: 13
Mouse move: X=188, Y=309
Mouse move: X=190, Y=309
Mouse move: X=193, Y=311
Mouse move: X=197, Y=314
Mouse move: X=200, Y=318
Mouse move: X=201, Y=318
Mouse move: X=201, Y=320
Mouse move: X=201, Y=322
Mouse move: X=201, Y=327
Mouse move: X=201, Y=332
Mouse move: X=201, Y=336
Mouse move: X=201, Y=339
Mouse move: X=201, Y=339
Mouse move: X=201, Y=340
Mouse move: X=201, Y=340
Mouse move: X=201, Y=340
Mouse move: X=200, Y=341
Mouse move: X=196, Y=343
Mouse move: X=194, Y=343
Mouse move: X=193, Y=344
Mouse move: X=192, Y=344
Mouse move: X=192, Y=345
Mouse move: X=193, Y=347
Mouse move: X=193, Y=348
Mouse move: X=194, Y=348
Mouse move: X=194, Y=349
Mouse move: X=194, Y=349
Mouse move: X=192, Y=351
Mouse move: X=191, Y=353
Mouse move: X=189, Y=354
Mouse move: X=187, Y=355
Mouse move: X=187, Y=356
Mouse move: X=185, Y=356
Mouse move: X=183, Y=358
Mouse move: X=182, Y=359
Mouse move: X=181, Y=360
Mouse move: X=180, Y=360
Mouse move: X=179, Y=361
Mouse move: X=179, Y=362
Mouse button press: LEFT
Mouse button release: LEFT
Mouse move: X=179, Y=362
Mouse move: X=180, Y=362
Mouse move: X=180, Y=363
Mouse move: X=181, Y=363
Mouse move: X=181, Y=365
Mouse move: X=182, Y=365
Mouse move: X=182, Y=365
Mouse move: X=184, Y=365
Mouse move: X=185, Y=365
Mouse move: X=186, Y=365
Mouse move: X=187, Y=365
Mouse move: X=187, Y=365
Mouse move: X=188, Y=365
Mouse move: X=190, Y=365
Mouse move: X=191, Y=365
Mouse move: X=192, Y=365
Mouse move: X=194, Y=365
Mouse move: X=196, Y=365
Mouse move: X=197, Y=365
Mouse move: X=198, Y=364
Mouse move: X=198, Y=364
Mouse move: X=199, Y=364
Mouse move: X=199, Y=364
Mouse move: X=201, Y=363
Mouse move: X=202, Y=362
Mouse move: X=202, Y=362
Mouse move: X=203, Y=362
Mouse move: X=204, Y=362
Mouse move: X=206, Y=362
Mouse move: X=206, Y=362
Mouse move: X=207, Y=362
Mouse move: X=209, Y=361
Mouse move: X=209, Y=361
Mouse move: X=210, Y=360
Mouse move: X=210, Y=359
Mouse move: X=208, Y=356
Mouse move: X=203, Y=352
Mouse move: X=197, Y=347
Mouse move: X=191, Y=340
Mouse move: X=183, Y=332
Mouse move: X=175, Y=324
Mouse move: X=167, Y=316
Mouse move: X=160, Y=309
Mouse move: X=154, Y=302
Mouse move: X=151, Y=300
Mouse move: X=146, Y=295
Mouse move: X=145, Y=294
Mouse move: X=143, Y=293
Key press: 86
Key press: 86
Key press: 86
Key press: 86
Key press: 86
Key press: 86
Key press: 86
Key press: 86
Key release: 86
Key press: 162
Key press: 67
