Mouse move: X=586, Y=366
Mouse move: X=590, Y=370
Mouse move: X=593, Y=372
Mouse move: X=597, Y=376
Mouse move: X=602, Y=380
Mouse move: X=606, Y=383
Mouse move: X=611, Y=388
Mouse move: X=614, Y=391
Mouse move: X=618, Y=394
Mouse move: X=622, Y=397
Mouse move: X=626, Y=398
Mouse move: X=630, Y=400
Mouse move: X=638, Y=400
Mouse move: X=646, Y=399
Mouse move: X=656, Y=396
Mouse move: X=668, Y=391
Mouse move: X=683, Y=383
Mouse move: X=697, Y=376
Mouse move: X=710, Y=368
Mouse move: X=718, Y=363
Mouse move: X=722, Y=361
Mouse move: X=724, Y=360
Mouse move: X=725, Y=360
Mouse move: X=726, Y=360
Mouse move: X=726, Y=360
Mouse move: X=726, Y=360
Mouse move: X=727, Y=360
Mouse move: X=727, Y=360
Mouse move: X=729, Y=360
Mouse move: X=731, Y=360
Mouse move: X=736, Y=359
Mouse move: X=740, Y=357
Mouse move: X=745, Y=356
Mouse move: X=749, Y=356
Mouse move: X=752, Y=354
Mouse move: X=755, Y=353
Mouse move: X=760, Y=352
Mouse move: X=764, Y=351
Mouse move: X=769, Y=349
Mouse move: X=772, Y=347
Mouse move: X=776, Y=346
Mouse move: X=780, Y=345
Mouse move: X=783, Y=344
Mouse move: X=784, Y=344
Mouse move: X=784, Y=343
Mouse move: X=784, Y=343
Mouse move: X=784, Y=343
Mouse move: X=784, Y=343
Mouse move: X=783, Y=343
Mouse move: X=783, Y=342
Mouse move: X=783, Y=342
Mouse move: X=782, Y=342
Mouse move: X=781, Y=341
Mouse move: X=780, Y=341
Mouse move: X=779, Y=341
Mouse move: X=778, Y=341
Mouse move: X=774, Y=340
Mouse move: X=771, Y=340
Mouse move: X=768, Y=339
Mouse move: X=765, Y=339
Mouse move: X=760, Y=339
Mouse move: X=756, Y=338
Mouse move: X=748, Y=338
Mouse move: X=744, Y=338
Mouse move: X=740, Y=338
Mouse move: X=736, Y=338
Mouse move: X=731, Y=338
Mouse move: X=728, Y=339
Mouse move: X=723, Y=339
Mouse move: X=721, Y=339
Mouse move: X=717, Y=340
Mouse move: X=714, Y=340
Mouse move: X=712, Y=340
Mouse move: X=710, Y=340
Mouse move: X=705, Y=339
Mouse move: X=702, Y=339
Mouse move: X=701, Y=339
Mouse move: X=701, Y=339
Mouse move: X=701, Y=338
Mouse move: X=700, Y=338
Mouse move: X=700, Y=338
Mouse move: X=698, Y=338
Mouse move: X=696, Y=338
Mouse move: X=693, Y=338
Mouse move: X=690, Y=338
Mouse move: X=685, Y=338
Mouse move: X=682, Y=338
Mouse move: X=676, Y=338
Mouse move: X=669, Y=338
Mouse move: X=662, Y=338
Mouse move: X=655, Y=338
Mouse move: X=650, Y=338
Mouse move: X=648, Y=338
Mouse move: X=647, Y=338
Mouse move: X=647, Y=338
Mouse move: X=646, Y=338
Mouse move: X=646, Y=338
Mouse move: X=646, Y=337
Mouse move: X=646, Y=337
Mouse move: X=646, Y=337
Mouse move: X=645, Y=337
Mouse button press: LEFT
Mouse button release: LEFT
Mouse move: X=645, Y=336
Mouse move: X=645, Y=336
Mouse move: X=645, Y=337
Mouse move: X=645, Y=337
Mouse button press: RIGHT
Mouse button release: RIGHT
Mouse move: X=645, Y=337
Mouse move: X=645, Y=337
Mouse move: X=645, Y=337
Mouse move: X=645, Y=336
Mouse move: X=645, Y=336
Mouse move: X=645, Y=336
Mouse move: X=646, Y=335
Mouse move: X=646, Y=335
Mouse move: X=646, Y=335
Mouse move: X=646, Y=335
Mouse move: X=646, Y=334
Mouse move: X=646, Y=334
Mouse move: X=646, Y=334
Mouse move: X=646, Y=333
Mouse move: X=646, Y=333
Mouse move: X=646, Y=332
Mouse move: X=646, Y=332
Mouse move: X=646, Y=332
Mouse move: X=646, Y=331
Mouse move: X=646, Y=331
Mouse move: X=646, Y=331
Mouse move: X=646, Y=330
Mouse move: X=646, Y=330
Mouse move: X=646, Y=330
Mouse move: X=646, Y=330
Mouse move: X=646, Y=329
Mouse move: X=646, Y=329
Mouse move: X=646, Y=328
Mouse move: X=645, Y=327
Mouse move: X=645, Y=326
Mouse move: X=645, Y=326
Mouse move: X=645, Y=326
Mouse move: X=644, Y=325
Mouse move: X=644, Y=325
Mouse move: X=644, Y=325
Mouse move: X=643, Y=325
Mouse move: X=643, Y=324
Mouse move: X=643, Y=323
Mouse move: X=643, Y=323
Mouse move: X=642, Y=323
Mouse move: X=642, Y=323
Mouse move: X=642, Y=322
Mouse move: X=642, Y=322
Mouse move: X=642, Y=322
Mouse move: X=641, Y=321
Mouse move: X=641, Y=321
Mouse move: X=641, Y=321
Mouse move: X=641, Y=321
Mouse move: X=640, Y=320
Mouse move: X=639, Y=320
Mouse move: X=639, Y=320
Mouse move: X=638, Y=320
Mouse move: X=638, Y=320
Mouse move: X=637, Y=319
Mouse move: X=635, Y=319
Mouse move: X=633, Y=319
Mouse move: X=632, Y=318
Mouse move: X=631, Y=318
Mouse move: X=630, Y=318
Mouse move: X=630, Y=318
Mouse move: X=629, Y=318
Mouse move: X=629, Y=318
Mouse move: X=628, Y=317
Mouse move: X=627, Y=317
Mouse move: X=627, Y=317
Mouse move: X=627, Y=317
Mouse move: X=626, Y=316
Mouse move: X=626, Y=316
Mouse move: X=625, Y=316
Mouse move: X=624, Y=316
Mouse move: X=623, Y=316
Mouse move: X=622, Y=315
Mouse move: X=621, Y=315
Mouse move: X=620, Y=315
Mouse move: X=619, Y=315
Mouse move: X=618, Y=315
Mouse move: X=618, Y=315
Mouse move: X=618, Y=315
Mouse move: X=617, Y=315
Mouse move: X=617, Y=315
Mouse move: X=617, Y=314
Mouse move: X=616, Y=314
Mouse move: X=616, Y=314
Mouse move: X=615, Y=314
Mouse move: X=614, Y=314
Mouse move: X=614, Y=314
Mouse move: X=613, Y=313
Mouse move: X=613, Y=313
Mouse move: X=611, Y=313
Mouse move: X=610, Y=313
Mouse move: X=608, Y=312
Mouse move: X=606, Y=312
Mouse move: X=604, Y=311
Mouse move: X=602, Y=311
Mouse move: X=600, Y=311
Mouse move: X=599, Y=311
Mouse move: X=597, Y=311
Mouse move: X=595, Y=311
Mouse move: X=595, Y=311
Mouse move: X=595, Y=311
Mouse move: X=594, Y=311
Mouse move: X=594, Y=311
Mouse move: X=593, Y=311
Mouse move: X=593, Y=311
Mouse move: X=592, Y=311
Mouse move: X=591, Y=312
Mouse move: X=590, Y=312
Mouse move: X=589, Y=312
Mouse move: X=587, Y=313
Mouse move: X=585, Y=313
Mouse move: X=584, Y=314
Mouse move: X=583, Y=314
Mouse move: X=582, Y=314
Mouse move: X=581, Y=314
Mouse move: X=581, Y=314
Mouse move: X=581, Y=315
Mouse move: X=580, Y=315
Mouse move: X=579, Y=316
Mouse move: X=578, Y=316
Mouse move: X=576, Y=317
Mouse move: X=576, Y=317
Mouse move: X=575, Y=317
Mouse move: X=575, Y=317
Mouse move: X=574, Y=318
Mouse move: X=573, Y=318
Mouse move: X=573, Y=318
Mouse move: X=573, Y=318
Mouse move: X=572, Y=318
Mouse move: X=572, Y=318
Mouse move: X=571, Y=318
Mouse move: X=571, Y=319
Mouse move: X=569, Y=320
Mouse move: X=569, Y=320
Mouse move: X=567, Y=320
Mouse move: X=567, Y=321
Mouse move: X=566, Y=321
Mouse move: X=566, Y=321
Mouse move: X=566, Y=321
Mouse move: X=565, Y=321
Mouse move: X=564, Y=321
Mouse move: X=564, Y=321
Mouse move: X=563, Y=321
Mouse move: X=562, Y=321
Mouse move: X=562, Y=320
Mouse move: X=561, Y=318
Mouse move: X=559, Y=315
Mouse move: X=558, Y=314
Mouse move: X=558, Y=312
Mouse move: X=557, Y=311
Mouse move: X=557, Y=312
Mouse move: X=558, Y=314
Mouse move: X=558, Y=316
Mouse move: X=558, Y=318
Mouse move: X=558, Y=319
Mouse move: X=559, Y=320
Mouse move: X=559, Y=320
Mouse move: X=559, Y=321
Mouse move: X=559, Y=321
Mouse move: X=559, Y=321
Mouse move: X=559, Y=322
Mouse move: X=559, Y=322
Mouse move: X=559, Y=323
Mouse move: X=559, Y=324
Mouse move: X=559, Y=324
Mouse move: X=559, Y=324
Mouse move: X=560, Y=325
Mouse move: X=560, Y=325
Mouse wheel: UP
Mouse move: X=560, Y=325
Mouse wheel: UP
Mouse move: X=560, Y=326
Mouse move: X=559, Y=327
Mouse move: X=559, Y=329
Mouse move: X=559, Y=330
Mouse wheel: UP
Mouse move: X=559, Y=330
Mouse wheel: UP
Mouse wheel: UP
Mouse move: X=558, Y=330
Mouse wheel: DOWN
Mouse wheel: DOWN
Mouse wheel: DOWN
Mouse wheel: UP
Mouse wheel: UP
Mouse wheel: UP
Mouse move: X=558, Y=330
Mouse move: X=557, Y=330
Mouse move: X=557, Y=331
Mouse wheel: UP
Mouse move: X=557, Y=331
Mouse move: X=557, Y=331
Mouse wheel: DOWN
Mouse wheel: DOWN
Mouse move: X=557, Y=330
Mouse move: X=557, Y=330
Mouse move: X=557, Y=329
Mouse wheel: DOWN
Mouse move: X=557, Y=329
Mouse move: X=557, Y=329
Mouse move: X=557, Y=329
Mouse move: X=557, Y=329
Mouse move: X=557, Y=330
Mouse move: X=557, Y=331
Mouse move: X=557, Y=332
Mouse move: X=557, Y=332
Mouse move: X=557, Y=332
Mouse move: X=557, Y=332
Mouse move: X=557, Y=333
Mouse wheel: UP
Mouse move: X=557, Y=333
Mouse wheel: UP
Mouse wheel: UP
Mouse wheel: UP
Mouse wheel: UP
Mouse wheel: UP
Mouse move: X=557, Y=334
Mouse move: X=557, Y=334
Mouse move: X=558, Y=333
Mouse move: X=558, Y=333
Mouse move: X=558, Y=333
Mouse move: X=558, Y=333
Mouse move: X=558, Y=332
Mouse move: X=558, Y=332
Mouse move: X=558, Y=331
Mouse move: X=558, Y=331
Mouse move: X=558, Y=331
Mouse move: X=558, Y=330
Mouse move: X=558, Y=330
Mouse move: X=557, Y=330
Mouse move: X=557, Y=330
Mouse move: X=557, Y=331
Mouse button press: RIGHT
Mouse button release: RIGHT
Mouse move: X=556, Y=331
Mouse move: X=556, Y=331
Mouse move: X=556, Y=331
Mouse move: X=557, Y=331
Mouse move: X=558, Y=330
Mouse move: X=558, Y=330
Mouse move: X=559, Y=330
Mouse move: X=560, Y=329
Mouse move: X=561, Y=329
Mouse move: X=561, Y=329
Mouse move: X=563, Y=328
Mouse move: X=564, Y=328
Mouse move: X=564, Y=328
Mouse move: X=565, Y=327
Mouse move: X=567, Y=327
Mouse move: X=569, Y=326
Mouse move: X=570, Y=325
Mouse move: X=572, Y=325
Mouse move: X=574, Y=324
Mouse move: X=575, Y=324
Mouse move: X=577, Y=324
Mouse move: X=579, Y=323
Mouse move: X=581, Y=322
Mouse move: X=583, Y=322
Mouse move: X=586, Y=322
Mouse move: X=589, Y=321
Mouse move: X=591, Y=321
Mouse move: X=595, Y=321
Mouse move: X=597, Y=321
Mouse move: X=600, Y=320
Mouse move: X=602, Y=320
Mouse move: X=607, Y=319
Mouse move: X=608, Y=319
Mouse move: X=609, Y=319
Mouse move: X=611, Y=318
Mouse move: X=613, Y=318
Mouse move: X=614, Y=317
Mouse move: X=618, Y=316
Mouse move: X=621, Y=315
Mouse move: X=624, Y=315
Mouse move: X=627, Y=314
Mouse move: X=631, Y=312
Mouse move: X=634, Y=311
Mouse move: X=638, Y=310
Mouse move: X=641, Y=309
Mouse move: X=643, Y=308
Mouse move: X=645, Y=307
Mouse move: X=646, Y=306
Mouse move: X=647, Y=306
Mouse move: X=647, Y=305
Mouse move: X=648, Y=305
Mouse move: X=648, Y=305
Mouse move: X=649, Y=305
Mouse move: X=649, Y=304
Mouse move: X=650, Y=304
Mouse move: X=650, Y=304
Mouse move: X=651, Y=304
Mouse move: X=652, Y=303
Mouse move: X=653, Y=303
Mouse move: X=654, Y=302
Mouse move: X=655, Y=302
Mouse move: X=656, Y=301
Mouse move: X=657, Y=300
Mouse move: X=658, Y=300
Mouse move: X=659, Y=299
Mouse move: X=659, Y=299
Mouse move: X=660, Y=299
Mouse move: X=661, Y=298
Mouse move: X=661, Y=298
Mouse move: X=661, Y=298
Mouse move: X=661, Y=298
Mouse move: X=662, Y=297
Mouse button press: LEFT
Mouse button release: LEFT
Mouse move: X=664, Y=297
Mouse move: X=664, Y=297
Mouse move: X=664, Y=296
Mouse move: X=664, Y=296
Mouse move: X=664, Y=295
Mouse move: X=663, Y=295
Mouse move: X=662, Y=294
Mouse move: X=662, Y=294
Mouse move: X=660, Y=294
Mouse move: X=656, Y=294
Mouse move: X=654, Y=294
Mouse move: X=651, Y=294
Mouse move: X=650, Y=294
Mouse move: X=649, Y=294
Mouse move: X=649, Y=294
Mouse move: X=649, Y=293
Mouse move: X=649, Y=293
Mouse move: X=648, Y=293
Mouse move: X=648, Y=292
Mouse move: X=647, Y=291
Mouse move: X=646, Y=290
Mouse move: X=642, Y=286
Mouse move: X=640, Y=284
Mouse move: X=637, Y=280
Mouse move: X=634, Y=277
Mouse move: X=632, Y=275
Mouse move: X=629, Y=272
Mouse move: X=626, Y=269
Mouse move: X=624, Y=267
Mouse move: X=621, Y=264
Mouse move: X=620, Y=262
Mouse move: X=618, Y=261
Mouse move: X=618, Y=260
Mouse move: X=617, Y=260
Mouse move: X=617, Y=260
Mouse move: X=616, Y=258
Mouse move: X=615, Y=257
Mouse move: X=614, Y=256
Mouse move: X=613, Y=255
Mouse move: X=613, Y=255
Key press: 59
Key press: 8
